<?xml version="1.0" encoding="UTF-8"?>
<!-- Generated by org.testng.reporters.JUnitReportReporter -->
<testsuite skipped="0" hostname="QAPLANET1-PC" name="package1.Sample" tests="1" failures="0" timestamp="09 Dec 2019 08:43:01 GMT" time="46.403" errors="0">
  <testcase name="TC_1" time="46.403" classname="package1.Sample"/>
</testsuite> <!-- package1.Sample -->
