<?xml version="1.0" encoding="UTF-8"?>
<!-- Generated by org.testng.reporters.JUnitReportReporter -->
<testsuite name="package1.DDrven" tests="4" time="34.512" ignored="0" failures="0" timestamp="14 Dec 2019 06:58:08 GMT" skipped="0" hostname="QAPLANET1-PC" errors="0">
  <testcase name="Tc1" time="7.702" classname="package1.DDrven"/>
  <testcase name="Tc1" time="6.914" classname="package1.DDrven"/>
  <testcase name="Tc1" time="9.409" classname="package1.DDrven"/>
  <testcase name="Tc1" time="10.487" classname="package1.DDrven"/>
</testsuite> <!-- package1.DDrven -->
