<?xml version="1.0" encoding="UTF-8"?>
<!-- Generated by org.testng.reporters.JUnitReportReporter -->
<testsuite name="package1.Samp" tests="1" time="25.142" ignored="0" failures="0" timestamp="14 Dec 2019 05:03:15 GMT" skipped="0" hostname="QAPLANET1-PC" errors="0">
  <testcase name="Tc1" time="25.142" classname="package1.Samp"/>
</testsuite> <!-- package1.Samp -->
