<?xml version="1.0" encoding="UTF-8"?>
<!-- Generated by org.testng.reporters.JUnitReportReporter -->
<testsuite skipped="0" hostname="QAP28-PC" name="pckg.Crossb" tests="1" failures="0" timestamp="22 May 2011 18:33:51 GMT" time="28.368" errors="0">
  <testcase name="CrB" time="28.368" classname="pckg.Crossb"/>
</testsuite> <!-- pckg.Crossb -->
