<?xml version="1.0" encoding="UTF-8"?>
<!-- Generated by org.testng.reporters.JUnitReportReporter -->
<testsuite skipped="0" hostname="QAP28-PC" name="pckg.cls1" tests="4" failures="0" timestamp="06 Feb 2020 10:41:25 GMT" time="53.617" errors="0">
  <testcase name="TC1" time="18.352" classname="pckg.cls1"/>
  <testcase name="TC1" time="10.732" classname="pckg.cls1"/>
  <testcase name="TC1" time="8.094" classname="pckg.cls1"/>
  <testcase name="TC1" time="16.439" classname="pckg.cls1"/>
</testsuite> <!-- pckg.cls1 -->
