<?xml version="1.0" encoding="UTF-8"?>
<!-- Generated by org.testng.reporters.JUnitReportReporter -->
<testsuite name="packg.Dummyreg" tests="2" time="31.512" ignored="0" failures="0" timestamp="04 Jan 2020 11:32:58 GMT" skipped="0" hostname="QAPLANET1-PC" errors="0">
  <testcase name="Tc1_1" time="13.111" classname="packg.Dummyreg"/>
  <testcase name="Tc1_2" time="18.401" classname="packg.Dummyreg"/>
</testsuite> <!-- packg.Dummyreg -->
