<?xml version="1.0" encoding="UTF-8"?>
<!-- Generated by org.testng.reporters.JUnitReportReporter -->
<testsuite name="packg.Loginreg" tests="1" time="16.161" ignored="0" failures="0" timestamp="06 Jan 2020 10:57:44 GMT" skipped="0" hostname="QAPLANET1-PC" errors="0">
  <testcase name="login" time="16.161" classname="packg.Loginreg"/>
</testsuite> <!-- packg.Loginreg -->
