<?xml version="1.0" encoding="UTF-8"?>
<!-- Generated by org.testng.reporters.JUnitReportReporter -->
<testsuite name="packg.Reg" tests="2" time="34.415" ignored="0" failures="0" timestamp="06 Jan 2020 12:03:34 GMT" skipped="0" hostname="QAPLANET1-PC" errors="0">
  <testcase name="Tc1_2" time="17.366" classname="packg.Reg"/>
  <testcase name="Tc1_2" time="17.049" classname="packg.Reg"/>
</testsuite> <!-- packg.Reg -->
