<?xml version="1.0" encoding="UTF-8"?>
<!-- Generated by org.testng.reporters.JUnitReportReporter -->
<testsuite name="packg.Cbtest" tests="2" time="24.944" ignored="0" failures="0" timestamp="06 Jan 2020 12:03:34 GMT" skipped="0" hostname="QAPLANET1-PC" errors="0">
  <testcase name="login" time="6.512" classname="packg.Cbtest"/>
  <testcase name="login" time="18.432" classname="packg.Cbtest"/>
</testsuite> <!-- packg.Cbtest -->
